0 info it worked if it ends with ok
1 verbose cli [ '/usr/bin/node',
1 verbose cli   '/usr/bin/npm',
1 verbose cli   'install',
1 verbose cli   '--save-dev',
1 verbose cli   'jshint-stylish' ]
2 info using npm@1.4.28
3 info using node@v0.10.33
4 verbose node symlink /usr/bin/node
5 verbose readDependencies using package.json deps
6 verbose cache add [ 'jshint-stylish', null ]
7 verbose cache add name=undefined spec="jshint-stylish" args=["jshint-stylish",null]
8 verbose parsed url { protocol: null,
8 verbose parsed url   slashes: null,
8 verbose parsed url   auth: null,
8 verbose parsed url   host: null,
8 verbose parsed url   port: null,
8 verbose parsed url   hostname: null,
8 verbose parsed url   hash: null,
8 verbose parsed url   search: null,
8 verbose parsed url   query: null,
8 verbose parsed url   pathname: 'jshint-stylish',
8 verbose parsed url   path: 'jshint-stylish',
8 verbose parsed url   href: 'jshint-stylish' }
9 silly lockFile 22813634-jshint-stylish jshint-stylish
10 verbose lock jshint-stylish /home/desarrollo1/.npm/22813634-jshint-stylish.lock
11 silly lockFile 22813634-jshint-stylish jshint-stylish
12 silly lockFile 22813634-jshint-stylish jshint-stylish
13 verbose addNamed [ 'jshint-stylish', '' ]
14 verbose addNamed [ null, '*' ]
15 silly lockFile f26fdf17-jshint-stylish jshint-stylish@
16 verbose lock jshint-stylish@ /home/desarrollo1/.npm/f26fdf17-jshint-stylish.lock
17 silly addNameRange { name: 'jshint-stylish', range: '*', hasData: false }
18 verbose request where is /jshint-stylish
19 verbose request registry https://registry.npmjs.org/
20 verbose request id 59613868bf184147
21 verbose url raw /jshint-stylish
22 verbose url resolving [ 'https://registry.npmjs.org/', './jshint-stylish' ]
23 verbose url resolved https://registry.npmjs.org/jshint-stylish
24 verbose request where is https://registry.npmjs.org/jshint-stylish
25 info trying registry request attempt 1 at 13:47:19
26 http GET https://registry.npmjs.org/jshint-stylish
27 http 200 https://registry.npmjs.org/jshint-stylish
28 silly registry.get cb [ 200,
28 silly registry.get   { date: 'Fri, 28 Nov 2014 18:47:20 GMT',
28 silly registry.get     server: 'CouchDB/1.5.0 (Erlang OTP/R16B03)',
28 silly registry.get     etag: '"BT6KS2NG5LTEV93E80PA4UHDL"',
28 silly registry.get     'content-type': 'application/json',
28 silly registry.get     'cache-control': 'max-age=60',
28 silly registry.get     'content-length': '13583',
28 silly registry.get     'accept-ranges': 'bytes',
28 silly registry.get     via: '1.1 varnish',
28 silly registry.get     age: '0',
28 silly registry.get     'x-served-by': 'cache-jfk1033-JFK',
28 silly registry.get     'x-cache': 'HIT',
28 silly registry.get     'x-cache-hits': '1',
28 silly registry.get     'x-timer': 'S1417200440.350588,VS0,VE86',
28 silly registry.get     vary: 'Accept',
28 silly registry.get     'keep-alive': 'timeout=10, max=50',
28 silly registry.get     connection: 'Keep-Alive' } ]
29 silly addNameRange number 2 { name: 'jshint-stylish', range: '*', hasData: true }
30 silly addNameRange versions [ 'jshint-stylish',
30 silly addNameRange   [ '0.1.0',
30 silly addNameRange     '0.1.1',
30 silly addNameRange     '0.1.2',
30 silly addNameRange     '0.1.3',
30 silly addNameRange     '0.1.4',
30 silly addNameRange     '0.1.5',
30 silly addNameRange     '0.2.0',
30 silly addNameRange     '0.3.0',
30 silly addNameRange     '0.4.0',
30 silly addNameRange     '1.0.0' ] ]
31 verbose addNamed [ 'jshint-stylish', '1.0.0' ]
32 verbose addNamed [ '1.0.0', '1.0.0' ]
33 silly lockFile 52e6bf97-jshint-stylish-1-0-0 jshint-stylish@1.0.0
34 verbose lock jshint-stylish@1.0.0 /home/desarrollo1/.npm/52e6bf97-jshint-stylish-1-0-0.lock
35 silly lockFile 1fe215f4-stylish-jshint-stylish-1-0-0-tgz https://registry.npmjs.org/jshint-stylish/-/jshint-stylish-1.0.0.tgz
36 verbose lock https://registry.npmjs.org/jshint-stylish/-/jshint-stylish-1.0.0.tgz /home/desarrollo1/.npm/1fe215f4-stylish-jshint-stylish-1-0-0-tgz.lock
37 verbose addRemoteTarball [ 'https://registry.npmjs.org/jshint-stylish/-/jshint-stylish-1.0.0.tgz',
37 verbose addRemoteTarball   'bae26bfe4f4eebe45c327ae1ef823aef46c0f5d9' ]
38 info retry fetch attempt 1 at 13:47:20
39 verbose fetch to= /tmp/npm-3767-nz-ytZzR/registry.npmjs.org/jshint-stylish/-/jshint-stylish-1.0.0.tgz
40 http GET https://registry.npmjs.org/jshint-stylish/-/jshint-stylish-1.0.0.tgz
41 http 200 https://registry.npmjs.org/jshint-stylish/-/jshint-stylish-1.0.0.tgz
42 silly lockFile 1fe215f4-stylish-jshint-stylish-1-0-0-tgz https://registry.npmjs.org/jshint-stylish/-/jshint-stylish-1.0.0.tgz
43 silly lockFile 1fe215f4-stylish-jshint-stylish-1-0-0-tgz https://registry.npmjs.org/jshint-stylish/-/jshint-stylish-1.0.0.tgz
44 silly lockFile 52e6bf97-jshint-stylish-1-0-0 jshint-stylish@1.0.0
45 silly lockFile 52e6bf97-jshint-stylish-1-0-0 jshint-stylish@1.0.0
46 silly lockFile f26fdf17-jshint-stylish jshint-stylish@
47 silly lockFile f26fdf17-jshint-stylish jshint-stylish@
48 silly resolved [ { name: 'jshint-stylish',
48 silly resolved     version: '1.0.0',
48 silly resolved     description: 'Stylish reporter for JSHint',
48 silly resolved     license: 'MIT',
48 silly resolved     repository:
48 silly resolved      { type: 'git',
48 silly resolved        url: 'https://github.com/sindresorhus/jshint-stylish' },
48 silly resolved     author:
48 silly resolved      { name: 'Sindre Sorhus',
48 silly resolved        email: 'sindresorhus@gmail.com',
48 silly resolved        url: 'http://sindresorhus.com' },
48 silly resolved     engines: { node: '>=0.10.0' },
48 silly resolved     scripts: { test: 'mocha' },
48 silly resolved     files: [ 'index.js', 'stylish.js' ],
48 silly resolved     keywords: [ 'jshint', 'reporter', 'lint', 'validate', 'stylish', 'elegant' ],
48 silly resolved     dependencies:
48 silly resolved      { chalk: '^0.5.1',
48 silly resolved        'log-symbols': '^1.0.0',
48 silly resolved        'string-length': '^1.0.0',
48 silly resolved        'text-table': '^0.2.0' },
48 silly resolved     devDependencies: { mocha: '*', jshint: '^2' },
48 silly resolved     gitHead: '9c3f1c543788825b27783598260bf16d94fe9bf6',
48 silly resolved     bugs: { url: 'https://github.com/sindresorhus/jshint-stylish/issues' },
48 silly resolved     homepage: 'https://github.com/sindresorhus/jshint-stylish',
48 silly resolved     _id: 'jshint-stylish@1.0.0',
48 silly resolved     _shasum: 'bae26bfe4f4eebe45c327ae1ef823aef46c0f5d9',
48 silly resolved     _from: 'jshint-stylish@',
48 silly resolved     _npmVersion: '2.0.0',
48 silly resolved     _npmUser: { name: 'sindresorhus', email: 'sindresorhus@gmail.com' },
48 silly resolved     maintainers: [ [Object] ],
48 silly resolved     dist:
48 silly resolved      { shasum: 'bae26bfe4f4eebe45c327ae1ef823aef46c0f5d9',
48 silly resolved        tarball: 'http://registry.npmjs.org/jshint-stylish/-/jshint-stylish-1.0.0.tgz' },
48 silly resolved     directories: {},
48 silly resolved     _resolved: 'https://registry.npmjs.org/jshint-stylish/-/jshint-stylish-1.0.0.tgz' } ]
49 info install jshint-stylish@1.0.0 into /opt/lampp/htdocs/tuproyecto-frontend
50 info installOne jshint-stylish@1.0.0
51 verbose node_modules/jshint-stylish unbuild
52 verbose tar unpack /home/desarrollo1/.npm/jshint-stylish/1.0.0/package.tgz
53 silly lockFile c86b370e-tend-node-modules-jshint-stylish tar:///opt/lampp/htdocs/tuproyecto-frontend/node_modules/jshint-stylish
54 verbose lock tar:///opt/lampp/htdocs/tuproyecto-frontend/node_modules/jshint-stylish /home/desarrollo1/.npm/c86b370e-tend-node-modules-jshint-stylish.lock
55 silly lockFile ff478839-jshint-stylish-1-0-0-package-tgz tar:///home/desarrollo1/.npm/jshint-stylish/1.0.0/package.tgz
56 verbose lock tar:///home/desarrollo1/.npm/jshint-stylish/1.0.0/package.tgz /home/desarrollo1/.npm/ff478839-jshint-stylish-1-0-0-package-tgz.lock
57 silly gunzTarPerm modes [ '775', '664' ]
58 error Error: EACCES, mkdir '/opt/lampp/htdocs/tuproyecto-frontend/node_modules/jshint-stylish'
58 error  { [Error: EACCES, mkdir '/opt/lampp/htdocs/tuproyecto-frontend/node_modules/jshint-stylish']
58 error   errno: 3,
58 error   code: 'EACCES',
58 error   path: '/opt/lampp/htdocs/tuproyecto-frontend/node_modules/jshint-stylish',
58 error   fstream_type: 'Directory',
58 error   fstream_path: '/opt/lampp/htdocs/tuproyecto-frontend/node_modules/jshint-stylish',
58 error   fstream_class: 'DirWriter',
58 error   fstream_stack:
58 error    [ '/usr/lib/node_modules/npm/node_modules/fstream/lib/dir-writer.js:36:23',
58 error      '/usr/lib/node_modules/npm/node_modules/mkdirp/index.js:46:53',
58 error      'Object.oncomplete (fs.js:107:15)' ] }
59 error Please try running this command again as root/Administrator.
60 error System Linux 3.13.0-32-generic
61 error command "/usr/bin/node" "/usr/bin/npm" "install" "--save-dev" "jshint-stylish"
62 error cwd /opt/lampp/htdocs/tuproyecto-frontend
63 error node -v v0.10.33
64 error npm -v 1.4.28
65 error path /opt/lampp/htdocs/tuproyecto-frontend/node_modules/jshint-stylish
66 error fstream_path /opt/lampp/htdocs/tuproyecto-frontend/node_modules/jshint-stylish
67 error fstream_type Directory
68 error fstream_class DirWriter
69 error code EACCES
70 error errno 3
71 error stack Error: EACCES, mkdir '/opt/lampp/htdocs/tuproyecto-frontend/node_modules/jshint-stylish'
72 error fstream_stack /usr/lib/node_modules/npm/node_modules/fstream/lib/dir-writer.js:36:23
72 error fstream_stack /usr/lib/node_modules/npm/node_modules/mkdirp/index.js:46:53
72 error fstream_stack Object.oncomplete (fs.js:107:15)
73 verbose exit [ 3, true ]
